SF:lib\core\network\network_info.dart
DA:10,1
DA:12,1
DA:13,2
LF:3
LH:3
end_of_record
SF:lib\features\number_trivia\data\datasources\number_trivia_local_data_source.dart
DA:23,1
DA:25,1
DA:27,2
DA:29,3
DA:31,1
DA:34,1
DA:36,2
DA:37,2
LF:8
LH:8
end_of_record
SF:lib\features\number_trivia\data\models\number_trivia_model.dart
DA:5,4
DA:6,4
DA:8,3
DA:9,12
DA:12,2
DA:13,2
DA:14,2
DA:15,2
LF:8
LH:8
end_of_record
SF:lib\features\number_trivia\domain\entities\number_trivia.dart
DA:8,6
DA:11,12
LF:2
LH:2
end_of_record
SF:lib\features\number_trivia\data\datasources\number_trivia_remote_data_source.dart
DA:16,1
DA:19,1
DA:20,4
DA:21,1
DA:23,3
DA:26,0
LF:6
LH:5
end_of_record
SF:lib\core\error\failures.dart
DA:4,2
LF:1
LH:1
end_of_record
SF:lib\features\number_trivia\data\repositories\number_trivia_repository_impl.dart
DA:18,1
DA:24,1
DA:25,3
DA:26,2
DA:31,1
DA:32,3
DA:33,2
DA:37,1
DA:39,3
DA:41,2
DA:42,2
DA:43,2
DA:44,1
DA:45,1
DA:46,2
DA:50,3
DA:51,1
DA:52,1
DA:53,2
LF:19
LH:19
end_of_record
SF:lib\features\number_trivia\domain\usecases\get_concrete_number_trivia.dart
DA:12,1
DA:15,1
DA:16,4
DA:23,3
LF:4
LH:4
end_of_record
SF:lib\features\number_trivia\domain\usecases\get_random_number_trivia.dart
DA:10,1
DA:13,1
DA:14,3
LF:3
LH:3
end_of_record
